2016-06-18 11:14:38 pid:6760 Workerman[start.php] start in DEBUG mode
2016-06-18 11:35:31 pid:6760 Workerman[start.php] Stopping ...
2016-06-18 11:35:31 pid:6760 Workerman[start.php] has been stopped
2016-06-18 11:35:49 pid:6850 Workerman[start.php] start in DEBUG mode
2016-06-18 11:38:11 pid:6850 Workerman[start.php] Stopping ...
2016-06-18 11:38:11 pid:6850 Workerman[start.php] has been stopped
2016-06-18 11:38:13 pid:6853 Workerman[start.php] start in DEBUG mode
2016-06-18 11:40:55 pid:6853 Workerman[start.php] Stopping ...
2016-06-18 11:40:55 pid:6853 Workerman[start.php] has been stopped
2016-06-18 11:41:11 pid:6862 Workerman[start.php] start in DEBUG mode
2016-06-18 11:43:09 pid:6862 Workerman[start.php] Stopping ...
2016-06-18 11:43:09 pid:6862 Workerman[start.php] has been stopped
2016-06-18 11:43:14 pid:6864 Workerman[start.php] start in DEBUG mode
2016-06-18 14:03:36 pid:6864 Workerman[start.php] Stopping ...
2016-06-18 14:03:36 pid:6864 Workerman[start.php] has been stopped
2016-06-18 14:03:38 pid:6990 Workerman[start.php] start in DEBUG mode
2016-06-18 14:05:28 pid:6990 Workerman[start.php] Stopping ...
2016-06-18 14:05:28 pid:6990 Workerman[start.php] has been stopped
2016-06-18 14:05:29 pid:6992 Workerman[start.php] start in DEBUG mode
2016-06-18 14:06:24 pid:6992 Workerman[start.php] Stopping ...
2016-06-18 14:06:24 pid:6992 Workerman[start.php] has been stopped
2016-06-18 14:06:25 pid:6994 Workerman[start.php] start in DEBUG mode
2016-06-18 14:08:54 pid:6994 Workerman[start.php] Stopping ...
2016-06-18 14:08:54 pid:6994 Workerman[start.php] has been stopped
2016-06-18 14:08:56 pid:6996 Workerman[start.php] start in DEBUG mode
2016-06-18 14:10:12 pid:6996 Workerman[start.php] Stopping ...
2016-06-18 14:10:12 pid:6996 Workerman[start.php] has been stopped
2016-06-18 14:10:19 pid:7004 Workerman[start.php] start in DEBUG mode
2016-06-18 14:13:30 pid:7004 Workerman[start.php] Stopping ...
2016-06-18 14:13:30 pid:7004 Workerman[start.php] has been stopped
2016-06-18 14:13:31 pid:7006 Workerman[start.php] start in DEBUG mode
2016-06-18 14:14:09 pid:7006 Workerman[start.php] Stopping ...
2016-06-18 14:14:09 pid:7006 Workerman[start.php] has been stopped
2016-06-18 14:14:10 pid:7008 Workerman[start.php] start in DEBUG mode
2016-06-18 14:21:05 pid:7008 Workerman[start.php] Stopping ...
2016-06-18 14:21:05 pid:7008 Workerman[start.php] has been stopped
2016-06-18 14:21:07 pid:7018 Workerman[start.php] start in DEBUG mode
2016-06-18 14:28:22 pid:7018 Workerman[start.php] Stopping ...
2016-06-18 14:28:22 pid:7018 Workerman[start.php] has been stopped
2016-06-18 14:28:23 pid:7020 Workerman[start.php] start in DEBUG mode
2016-06-18 15:03:11 pid:7020 Workerman[start.php] Stopping ...
2016-06-18 15:03:11 pid:7020 Workerman[start.php] has been stopped
2016-06-18 15:03:11 pid:7059 Workerman[start.php] start in DEBUG mode
2016-06-18 15:05:12 pid:7059 Workerman[start.php] Stopping ...
2016-06-18 15:05:12 pid:7059 Workerman[start.php] has been stopped
2016-06-18 15:05:13 pid:7061 Workerman[start.php] start in DEBUG mode
2016-06-18 15:06:02 pid:7061 Workerman[start.php] Stopping ...
2016-06-18 15:06:02 pid:7061 Workerman[start.php] has been stopped
2016-06-18 15:06:04 pid:7063 Workerman[start.php] start in DEBUG mode
2016-06-18 15:07:01 pid:7063 Workerman[start.php] Stopping ...
2016-06-18 15:07:01 pid:7063 Workerman[start.php] has been stopped
2016-06-18 15:07:02 pid:7065 Workerman[start.php] start in DEBUG mode
2016-06-18 15:16:04 pid:7065 Workerman[start.php] Stopping ...
2016-06-18 15:16:04 pid:7065 Workerman[start.php] has been stopped
2016-06-18 15:16:05 pid:7072 Workerman[start.php] start in DEBUG mode
2016-06-18 15:19:02 pid:7072 Workerman[start.php] Stopping ...
2016-06-18 15:19:02 pid:7072 Workerman[start.php] has been stopped
2016-06-18 15:19:03 pid:7074 Workerman[start.php] start in DEBUG mode
2016-06-18 15:19:54 pid:7074 Workerman[start.php] Stopping ...
2016-06-18 15:19:54 pid:7074 Workerman[start.php] has been stopped
2016-06-18 15:19:55 pid:7076 Workerman[start.php] start in DEBUG mode
2016-06-18 15:20:16 pid:7085 Workerman[start.php] start in DEBUG mode
2016-06-18 15:20:38 pid:7086 Workerman[start.php] start in DEBUG mode
2016-06-18 15:23:48 pid:7086 Workerman[start.php] Stopping ...
2016-06-18 15:23:48 pid:7086 Workerman[start.php] has been stopped
2016-06-18 15:23:49 pid:7088 Workerman[start.php] start in DEBUG mode
2016-06-18 15:23:55 pid:7089 WORKER EXIT UNEXPECTED E_RECOVERABLE_ERROR Object of class Workerman\Connection\TcpConnection could not be converted to string in /mnt/www/SimpleChat/Applications/start_text.php on line 34
2016-06-18 15:23:55 pid:7088 worker[none:7089] exit with status 65280
2016-06-18 15:26:24 pid:7088 Workerman[start.php] Stopping ...
2016-06-18 15:26:24 pid:7088 Workerman[start.php] has been stopped
2016-06-18 15:26:25 pid:7091 Workerman[start.php] start in DEBUG mode
2016-06-18 15:27:05 pid:7091 Workerman[start.php] Stopping ...
2016-06-18 15:27:05 pid:7091 Workerman[start.php] has been stopped
2016-06-18 15:27:06 pid:7093 Workerman[start.php] start in DEBUG mode
2016-06-18 15:27:45 pid:7093 Workerman[start.php] Stopping ...
2016-06-18 15:27:46 pid:7093 Workerman[start.php] has been stopped
2016-06-18 15:27:46 pid:7095 Workerman[start.php] start in DEBUG mode
2016-06-18 16:35:56 pid:7095 Workerman[start.php] Stopping ...
2016-06-18 16:35:56 pid:7095 Workerman[start.php] has been stopped
